c:\users\erik\desktop\cs-330-t4522 comp graphic and visualization 22ew4\module 3\openglsample\openglsample\openglsample\openglsample\openglsample\debug\vc143.pdb
c:\users\erik\desktop\cs-330-t4522 comp graphic and visualization 22ew4\module 3\openglsample\openglsample\openglsample\openglsample\openglsample\debug\vc143.idb
c:\users\erik\desktop\cs-330-t4522 comp graphic and visualization 22ew4\module 3\openglsample\openglsample\openglsample\openglsample\openglsample\debug\vertexbufferobject.obj
c:\users\erik\desktop\cs-330-t4522 comp graphic and visualization 22ew4\module 3\openglsample\openglsample\openglsample\openglsample\openglsample\debug\vboindexer.obj
c:\users\erik\desktop\cs-330-t4522 comp graphic and visualization 22ew4\module 3\openglsample\openglsample\openglsample\openglsample\openglsample\debug\texture.obj
c:\users\erik\desktop\cs-330-t4522 comp graphic and visualization 22ew4\module 3\openglsample\openglsample\openglsample\openglsample\openglsample\debug\staticmeshindexed3d.obj
c:\users\erik\desktop\cs-330-t4522 comp graphic and visualization 22ew4\module 3\openglsample\openglsample\openglsample\openglsample\openglsample\debug\staticmesh3d.obj
c:\users\erik\desktop\cs-330-t4522 comp graphic and visualization 22ew4\module 3\openglsample\openglsample\openglsample\openglsample\openglsample\debug\erik wilhelm cs499 enhancment 1.obj
c:\users\erik\desktop\cs-330-t4522 comp graphic and visualization 22ew4\module 3\openglsample\openglsample\openglsample\openglsample\openglsample\debug\shapegenerator.obj
c:\users\erik\desktop\cs-330-t4522 comp graphic and visualization 22ew4\module 3\openglsample\openglsample\openglsample\openglsample\openglsample\debug\shader.obj
c:\users\erik\desktop\cs-330-t4522 comp graphic and visualization 22ew4\module 3\openglsample\openglsample\openglsample\openglsample\openglsample\debug\cylinder.obj
c:\users\erik\desktop\cs-330-t4522 comp graphic and visualization 22ew4\module 3\openglsample\openglsample\openglsample\openglsample\openglsample\debug\glad.obj
c:\users\erik\desktop\cs-330-t4522 comp graphic and visualization 22ew4\module 3\openglsample\openglsample\openglsample\openglsample\openglsample\debug\erik_wilhelm_enhancement_1.ilk
c:\users\erik\desktop\cs-330-t4522 comp graphic and visualization 22ew4\module 3\openglsample\openglsample\openglsample\openglsample\debug\erik_wilhelm_enhancement_1.exe
c:\users\erik\desktop\cs-330-t4522 comp graphic and visualization 22ew4\module 3\openglsample\openglsample\openglsample\openglsample\debug\erik_wilhelm_enhancement_1.pdb
c:\users\erik\desktop\cs-330-t4522 comp graphic and visualization 22ew4\module 3\openglsample\openglsample\openglsample\openglsample\openglsample\debug\erik_wil.22239802.tlog\cl.command.1.tlog
c:\users\erik\desktop\cs-330-t4522 comp graphic and visualization 22ew4\module 3\openglsample\openglsample\openglsample\openglsample\openglsample\debug\erik_wil.22239802.tlog\cl.read.1.tlog
c:\users\erik\desktop\cs-330-t4522 comp graphic and visualization 22ew4\module 3\openglsample\openglsample\openglsample\openglsample\openglsample\debug\erik_wil.22239802.tlog\cl.write.1.tlog
c:\users\erik\desktop\cs-330-t4522 comp graphic and visualization 22ew4\module 3\openglsample\openglsample\openglsample\openglsample\openglsample\debug\erik_wil.22239802.tlog\link.command.1.tlog
c:\users\erik\desktop\cs-330-t4522 comp graphic and visualization 22ew4\module 3\openglsample\openglsample\openglsample\openglsample\openglsample\debug\erik_wil.22239802.tlog\link.read.1.tlog
c:\users\erik\desktop\cs-330-t4522 comp graphic and visualization 22ew4\module 3\openglsample\openglsample\openglsample\openglsample\openglsample\debug\erik_wil.22239802.tlog\link.write.1.tlog
