c:\users\erik\desktop\cs-330-t4522 comp graphic and visualization 22ew4\module 3\openglsample\openglsample\openglsample\openglsample\openglsample\x64\debug\vc143.pdb
c:\users\erik\desktop\cs-330-t4522 comp graphic and visualization 22ew4\module 3\openglsample\openglsample\openglsample\openglsample\openglsample\x64\debug\vc143.idb
c:\users\erik\desktop\cs-330-t4522 comp graphic and visualization 22ew4\module 3\openglsample\openglsample\openglsample\openglsample\openglsample\x64\debug\vertexbufferobject.obj
c:\users\erik\desktop\cs-330-t4522 comp graphic and visualization 22ew4\module 3\openglsample\openglsample\openglsample\openglsample\openglsample\x64\debug\vboindexer.obj
c:\users\erik\desktop\cs-330-t4522 comp graphic and visualization 22ew4\module 3\openglsample\openglsample\openglsample\openglsample\openglsample\x64\debug\texture.obj
c:\users\erik\desktop\cs-330-t4522 comp graphic and visualization 22ew4\module 3\openglsample\openglsample\openglsample\openglsample\openglsample\x64\debug\staticmeshindexed3d.obj
c:\users\erik\desktop\cs-330-t4522 comp graphic and visualization 22ew4\module 3\openglsample\openglsample\openglsample\openglsample\openglsample\x64\debug\staticmesh3d.obj
c:\users\erik\desktop\cs-330-t4522 comp graphic and visualization 22ew4\module 3\openglsample\openglsample\openglsample\openglsample\openglsample\x64\debug\source.obj
c:\users\erik\desktop\cs-330-t4522 comp graphic and visualization 22ew4\module 3\openglsample\openglsample\openglsample\openglsample\openglsample\x64\debug\shapegenerator.obj
c:\users\erik\desktop\cs-330-t4522 comp graphic and visualization 22ew4\module 3\openglsample\openglsample\openglsample\openglsample\openglsample\x64\debug\shader.obj
c:\users\erik\desktop\cs-330-t4522 comp graphic and visualization 22ew4\module 3\openglsample\openglsample\openglsample\openglsample\openglsample\x64\debug\cylinder.obj
c:\users\erik\desktop\cs-330-t4522 comp graphic and visualization 22ew4\module 3\openglsample\openglsample\openglsample\openglsample\openglsample\x64\debug\glad.obj
c:\users\erik\desktop\cs-330-t4522 comp graphic and visualization 22ew4\module 3\openglsample\openglsample\openglsample\openglsample\x64\debug\openglsample.pdb
c:\users\erik\desktop\cs-330-t4522 comp graphic and visualization 22ew4\module 3\openglsample\openglsample\openglsample\openglsample\openglsample\x64\debug\openglsample.tlog\cl.command.1.tlog
c:\users\erik\desktop\cs-330-t4522 comp graphic and visualization 22ew4\module 3\openglsample\openglsample\openglsample\openglsample\openglsample\x64\debug\openglsample.tlog\cl.read.1.tlog
c:\users\erik\desktop\cs-330-t4522 comp graphic and visualization 22ew4\module 3\openglsample\openglsample\openglsample\openglsample\openglsample\x64\debug\openglsample.tlog\cl.write.1.tlog
c:\users\erik\desktop\cs-330-t4522 comp graphic and visualization 22ew4\module 3\openglsample\openglsample\openglsample\openglsample\openglsample\x64\debug\openglsample.tlog\link-cvtres.read.1.tlog
c:\users\erik\desktop\cs-330-t4522 comp graphic and visualization 22ew4\module 3\openglsample\openglsample\openglsample\openglsample\openglsample\x64\debug\openglsample.tlog\link-cvtres.write.1.tlog
c:\users\erik\desktop\cs-330-t4522 comp graphic and visualization 22ew4\module 3\openglsample\openglsample\openglsample\openglsample\openglsample\x64\debug\openglsample.tlog\link-rc.read.1.tlog
c:\users\erik\desktop\cs-330-t4522 comp graphic and visualization 22ew4\module 3\openglsample\openglsample\openglsample\openglsample\openglsample\x64\debug\openglsample.tlog\link-rc.write.1.tlog
c:\users\erik\desktop\cs-330-t4522 comp graphic and visualization 22ew4\module 3\openglsample\openglsample\openglsample\openglsample\openglsample\x64\debug\openglsample.tlog\link.command.1.tlog
c:\users\erik\desktop\cs-330-t4522 comp graphic and visualization 22ew4\module 3\openglsample\openglsample\openglsample\openglsample\openglsample\x64\debug\openglsample.tlog\link.read.1.tlog
c:\users\erik\desktop\cs-330-t4522 comp graphic and visualization 22ew4\module 3\openglsample\openglsample\openglsample\openglsample\openglsample\x64\debug\openglsample.tlog\link.read.2.tlog
c:\users\erik\desktop\cs-330-t4522 comp graphic and visualization 22ew4\module 3\openglsample\openglsample\openglsample\openglsample\openglsample\x64\debug\openglsample.tlog\link.write.1.tlog
